[debug] [2025-07-01T06:23:57.734Z] ----------------------------------------------------------------------
[debug] [2025-07-01T06:23:57.738Z] Command:       /Users/kalanjarvis-loewen/.nvm/versions/node/v22.11.0/bin/node /Users/kalanjarvis-loewen/.nvm/versions/node/v22.11.0/bin/firebase deploy --only functions
[debug] [2025-07-01T06:23:57.739Z] CLI Version:   13.27.0
[debug] [2025-07-01T06:23:57.739Z] Platform:      darwin
[debug] [2025-07-01T06:23:57.739Z] Node Version:  v22.11.0
[debug] [2025-07-01T06:23:57.740Z] Time:          Mon Jun 30 2025 23:23:57 GMT-0700 (Pacific Daylight Time)
[debug] [2025-07-01T06:23:57.740Z] ----------------------------------------------------------------------
[debug] 
[debug] [2025-07-01T06:23:57.744Z] >>> [apiv2][query] GET https://firebase-public.firebaseio.com/cli.json [none]
[debug] [2025-07-01T06:23:57.890Z] > command requires scopes: ["email","openid","https://www.googleapis.com/auth/cloudplatformprojects.readonly","https://www.googleapis.com/auth/firebase","https://www.googleapis.com/auth/cloud-platform"]
[debug] [2025-07-01T06:23:57.890Z] > authorizing via signed-in user (karj5903@gmail.com)
[debug] [2025-07-01T06:23:57.890Z] [iam] checking project acting-tutoring-service for permissions ["cloudfunctions.functions.create","cloudfunctions.functions.delete","cloudfunctions.functions.get","cloudfunctions.functions.list","cloudfunctions.functions.update","cloudfunctions.operations.get","firebase.projects.get"]
[debug] [2025-07-01T06:23:57.891Z] Checked if tokens are valid: false, expires at: 1751228411756
[debug] [2025-07-01T06:23:57.891Z] Checked if tokens are valid: false, expires at: 1751228411756
[debug] [2025-07-01T06:23:57.891Z] > refreshing access token with scopes: []
[debug] [2025-07-01T06:23:57.893Z] >>> [apiv2][query] POST https://www.googleapis.com/oauth2/v3/token [none]
[debug] [2025-07-01T06:23:57.893Z] >>> [apiv2][body] POST https://www.googleapis.com/oauth2/v3/token [omitted]
[debug] [2025-07-01T06:23:58.044Z] <<< [apiv2][status] POST https://www.googleapis.com/oauth2/v3/token 200
[debug] [2025-07-01T06:23:58.044Z] <<< [apiv2][body] POST https://www.googleapis.com/oauth2/v3/token [omitted]
[debug] [2025-07-01T06:23:58.056Z] >>> [apiv2][query] POST https://cloudresourcemanager.googleapis.com/v1/projects/acting-tutoring-service:testIamPermissions [none]
[debug] [2025-07-01T06:23:58.056Z] >>> [apiv2][(partial)header] POST https://cloudresourcemanager.googleapis.com/v1/projects/acting-tutoring-service:testIamPermissions x-goog-quota-user=projects/acting-tutoring-service
[debug] [2025-07-01T06:23:58.057Z] >>> [apiv2][body] POST https://cloudresourcemanager.googleapis.com/v1/projects/acting-tutoring-service:testIamPermissions {"permissions":["cloudfunctions.functions.create","cloudfunctions.functions.delete","cloudfunctions.functions.get","cloudfunctions.functions.list","cloudfunctions.functions.update","cloudfunctions.operations.get","firebase.projects.get"]}
[debug] [2025-07-01T06:23:58.061Z] <<< [apiv2][status] GET https://firebase-public.firebaseio.com/cli.json 200
[debug] [2025-07-01T06:23:58.061Z] <<< [apiv2][body] GET https://firebase-public.firebaseio.com/cli.json {"cloudBuildErrorAfter":1594252800000,"cloudBuildWarnAfter":1590019200000,"defaultNode10After":1594252800000,"minVersion":"3.0.5","node8DeploysDisabledAfter":1613390400000,"node8RuntimeDisabledAfter":1615809600000,"node8WarnAfter":1600128000000}
[debug] [2025-07-01T06:23:58.243Z] <<< [apiv2][status] POST https://cloudresourcemanager.googleapis.com/v1/projects/acting-tutoring-service:testIamPermissions 200
[debug] [2025-07-01T06:23:58.243Z] <<< [apiv2][body] POST https://cloudresourcemanager.googleapis.com/v1/projects/acting-tutoring-service:testIamPermissions {"permissions":["cloudfunctions.functions.create","cloudfunctions.functions.delete","cloudfunctions.functions.get","cloudfunctions.functions.list","cloudfunctions.functions.update","cloudfunctions.operations.get","firebase.projects.get"]}
[debug] [2025-07-01T06:23:58.244Z] Checked if tokens are valid: true, expires at: 1751354637044
[debug] [2025-07-01T06:23:58.244Z] Checked if tokens are valid: true, expires at: 1751354637044
[debug] [2025-07-01T06:23:58.244Z] >>> [apiv2][query] POST https://iam.googleapis.com/v1/projects/acting-tutoring-service/serviceAccounts/acting-tutoring-service@appspot.gserviceaccount.com:testIamPermissions [none]
[debug] [2025-07-01T06:23:58.244Z] >>> [apiv2][body] POST https://iam.googleapis.com/v1/projects/acting-tutoring-service/serviceAccounts/acting-tutoring-service@appspot.gserviceaccount.com:testIamPermissions {"permissions":["iam.serviceAccounts.actAs"]}
[debug] [2025-07-01T06:23:58.745Z] <<< [apiv2][status] POST https://iam.googleapis.com/v1/projects/acting-tutoring-service/serviceAccounts/acting-tutoring-service@appspot.gserviceaccount.com:testIamPermissions 404
[debug] [2025-07-01T06:23:58.746Z] <<< [apiv2][body] POST https://iam.googleapis.com/v1/projects/acting-tutoring-service/serviceAccounts/acting-tutoring-service@appspot.gserviceaccount.com:testIamPermissions {"error":{"code":404,"message":"Unknown service account","status":"NOT_FOUND"}}
[debug] [2025-07-01T06:23:58.746Z] [functions] service account IAM check errored, deploy may fail: Request to https://iam.googleapis.com/v1/projects/acting-tutoring-service/serviceAccounts/acting-tutoring-service@appspot.gserviceaccount.com:testIamPermissions had HTTP Error: 404, Unknown service account {"name":"FirebaseError","children":[],"context":{"body":{"error":{"code":404,"message":"Unknown service account","status":"NOT_FOUND"}},"response":{"statusCode":404}},"exit":1,"message":"Request to https://iam.googleapis.com/v1/projects/acting-tutoring-service/serviceAccounts/acting-tutoring-service@appspot.gserviceaccount.com:testIamPermissions had HTTP Error: 404, Unknown service account","status":404}
[info] 
[info] === Deploying to 'acting-tutoring-service'...
[info] 
[info] i  deploying functions 
[info] Running command: npm --prefix "$RESOURCE_DIR" run build
